****************************************
Report : timing
	-path_type full
	-delay_type max
	-max_paths 1
Design : Alu
Version: A-2007.12-SP3
Date   : Sun May 16 22:41:14 2010
****************************************

No constrained paths.

1
****************************************
Report : Statistical Average Power
	-hierarchy
Design : Alu
Version: A-2007.12-SP3
Date   : Sun May 16 22:41:23 2010
****************************************



                                      Switch   Int      Leak      Total
Hierarchy                             Power    Power    Power     Power    %
--------------------------------------------------------------------------------
Alu                                   5.69e-04 1.10e-03 1.20e-07  1.67e-03 100.0
1
