****************************************
Report : timing
	-path_type full
	-delay_type max
	-max_paths 1
Design : Alu
Version: A-2007.12-SP3
Date   : Mon May 17 18:25:00 2010
****************************************


  Startpoint: INST_qual_reg[2]
               (rising edge-triggered flip-flop clocked by CLOCK)
  Endpoint: FLAGS[2] (output port clocked by CLOCK)
  Path Group: CLOCK
  Path Type: max

  Point                                    Incr       Path
  ---------------------------------------------------------------
  clock CLOCK (rise edge)                  0.00       0.00
  clock network delay (ideal)              0.00       0.00
  INST_qual_reg[2]/CK (SEN_FDPQ_4)         0.00       0.00 r
  INST_qual_reg[2]/Q (SEN_FDPQ_4)          0.06       0.06 r
  U317/X (SEN_ND2_S_2)                     0.04       0.10 f
  U544/X (SEN_OAI31_3)                     0.07       0.17 r
  U327/X (SEN_INV_6)                       0.04       0.21 f
  U493/X (SEN_INV_S_8)                     0.03       0.24 r
  U608/X (SEN_ND2_T_1)                     0.03       0.26 f
  U609/X (SEN_ND2_2)                       0.02       0.29 r
  U528/X (SEN_INV_3)                       0.02       0.31 f
  U527/X (SEN_ND2_T_4)                     0.03       0.33 r
  U434/X (SEN_INV_S_1)                     0.04       0.37 f
  U510/X (SEN_ND2_T_2)                     0.03       0.41 r
  U509/X (SEN_ND2_G_3)                     0.03       0.44 f
  U558/X (SEN_AOI31_0P75)                  0.08       0.52 r
  U559/X (SEN_ND3_S_4)                     0.05       0.57 f
  U422/X (SEN_ND2_S_3)                     0.04       0.61 r
  U324/X (SEN_INV_S_3)                     0.02       0.63 f
  U323/X (SEN_ND2_S_4)                     0.03       0.66 r
  U582/X (SEN_OR3B_4)                      0.03       0.69 f
  U572/X (SEN_AN2_6)                       0.04       0.73 f
  U593/X (SEN_AO2BB2_8)                    0.03       0.76 r
  U283/X (SEN_INV_S_6)                     0.02       0.79 f
  U376/X (SEN_OA21B_8)                     0.05       0.84 f
  U403/X (SEN_OAI21_S_8)                   0.03       0.87 r
  U500/X (SEN_INV_4)                       0.02       0.89 f
  U505/X (SEN_OA21B_4)                     0.05       0.94 f
  U502/X (SEN_OA21B_4)                     0.05       0.99 f
  U650/X (SEN_OAI21_S_8)                   0.03       1.02 r
  U290/X (SEN_ND2_T_4)                     0.03       1.05 f
  U304/X (SEN_NR2_T_3)                     0.04       1.10 r
  U312/X (SEN_OR2_5)                       0.04       1.14 r
  U636/X (SEN_OR4B_4)                      0.03       1.16 f
  U635/X (SEN_OR4B_4)                      0.03       1.19 r
  U481/X (SEN_INV_2)                       0.02       1.21 f
  U360/X (SEN_ND2_T_1P5)                   0.03       1.24 r
  U479/X (SEN_ND2_T_2)                     0.02       1.27 f
  U607/X (SEN_ND2_T_2)                     0.02       1.29 r
  U475/X (SEN_ND2_T_2)                     0.03       1.32 f
  U427/X (SEN_INV_2)                       0.02       1.34 r
  U594/X (SEN_AN4B_2)                      0.06       1.40 r
  FLAGS[2] (out)                           0.00       1.40 r
  data arrival time                                   1.40

  clock CLOCK (rise edge)                  1.40       1.40
  clock network delay (ideal)              0.00       1.40
  output external delay                   -0.10       1.30
  data required time                                  1.30
  ---------------------------------------------------------------
  data required time                                  1.30
  data arrival time                                  -1.40
  ---------------------------------------------------------------
  slack (VIOLATED)                                   -0.10


1
****************************************
Report : Statistical Average Power
	-hierarchy
Design : Alu
Version: A-2007.12-SP3
Date   : Mon May 17 18:25:10 2010
****************************************



                                      Switch   Int      Leak      Total
Hierarchy                             Power    Power    Power     Power    %
--------------------------------------------------------------------------------
Alu                                   6.30e-04 1.14e-03 1.35e-07  1.77e-03 100.0
1
